[2026-04-15 16:59:18] [32minfo[39m : [90mGET /api/v1/user[39m [32m200[39m [90m243ms[39m
[2026-04-15 16:59:19] [32minfo[39m : [90mGET /api/v1/user[39m [36m304[39m [90m274ms[39m
[2026-04-15 16:59:29] [32minfo[39m : [90mOPTIONS /api/v1/notes[39m [32m204[39m [90m1ms[39m
[2026-04-15 16:59:40] [32minfo[39m : [90mPOST /api/v1/notes[39m [32m200[39m [90m11106ms[39m
[2026-04-15 16:59:59] [32minfo[39m : [90mGET /api/v1/pdf-download[39m [32m200[39m [90m1ms[39m
[2026-04-15 17:00:23] [32minfo[39m : [90mGET /api/v1/pdf-download[39m [36m304[39m [90m1ms[39m
[2026-04-15 17:05:48] [32minfo[39m : [90mOPTIONS /api/v1/pdf-download[39m [32m204[39m [90m3ms[39m
[2026-04-15 17:05:49] [32minfo[39m : [90mPOST /api/v1/pdf-download[39m [32m200[39m [90m298ms[39m
[2026-04-15 17:08:03] [32minfo[39m : [90mOPTIONS /api/v1/notes[39m [32m204[39m [90m0ms[39m
[2026-04-15 17:08:15] [32minfo[39m : [90mPOST /api/v1/notes[39m [32m200[39m [90m11708ms[39m
[2026-04-15 17:09:10] [32minfo[39m : [90mOPTIONS /api/v1/pdf-download[39m [32m204[39m [90m0ms[39m
[2026-04-15 17:09:10] [32minfo[39m : [90mPOST /api/v1/pdf-download[39m [32m200[39m [90m242ms[39m
[2026-04-15 17:15:20] [32minfo[39m : [90mOPTIONS /api/v1/pdf-download[39m [32m204[39m [90m4ms[39m
[2026-04-15 17:15:20] [32minfo[39m : [90mPOST /api/v1/pdf-download[39m [32m200[39m [90m267ms[39m
[2026-04-15 17:19:52] [32minfo[39m : [90mOPTIONS /api/v1/pdf-download[39m [32m204[39m [90m4ms[39m
[2026-04-15 17:19:52] [32minfo[39m : [90mPOST /api/v1/pdf-download[39m [32m200[39m [90m285ms[39m
[2026-04-15 17:20:00] [32minfo[39m : [90mGET /api/v1/user[39m [32m200[39m [90m188ms[39m
[2026-04-15 17:20:01] [32minfo[39m : [90mGET /api/v1/user[39m [36m304[39m [90m182ms[39m
[2026-04-15 17:20:07] [32minfo[39m : [90mOPTIONS /api/v1/notes[39m [32m204[39m [90m0ms[39m
[2026-04-15 17:20:18] [32minfo[39m : [90mPOST /api/v1/notes[39m [32m200[39m [90m11165ms[39m
[2026-04-15 17:20:24] [32minfo[39m : [90mOPTIONS /api/v1/pdf-download[39m [32m204[39m [90m0ms[39m
[2026-04-15 17:20:25] [32minfo[39m : [90mPOST /api/v1/pdf-download[39m [32m200[39m [90m232ms[39m
[2026-04-15 17:20:54] [32minfo[39m : [90mOPTIONS /api/v1/pdf-download[39m [32m204[39m [90m3ms[39m
[2026-04-15 17:20:54] [32minfo[39m : [90mPOST /api/v1/pdf-download[39m [32m200[39m [90m268ms[39m
